<?xml version="1.0" encoding="UTF-8"?>
<!-- Generated by org.testng.reporters.JUnitReportReporter -->
<testsuite hostname="DESKTOP-EIOB9NI" failures="0" tests="1" name="com.crm.autodesk.contacttest.CreateContactTest" time="23.317" errors="0" timestamp="2021-12-29T23:21:09 IST" skipped="0">
  <testcase classname="com.crm.autodesk.contacttest.CreateContactTest" name="createContactTest" time="23.317"/>
  <system-out>
    <![CDATA[Contact Created...Test script pass...]]>
  </system-out>
</testsuite> <!-- com.crm.autodesk.contacttest.CreateContactTest -->
